# JRE version: Java(TM) SE Runtime Environment (17.0.1+12) (build 17.0.1+12-LTS-39)
# Java VM: Java HotSpot(TM) 64-Bit Server VM (17.0.1+12-LTS-39, mixed mode, emulated-client, sharing, tiered, compressed oops, compressed class ptrs, g1 gc, windows-amd64)
GC Precious Log:
 CPUs: 8 total, 8 available
 Memory: 8013M
 Large Page Support: Disabled
 NUMA Support: Disabled
 Compressed Oops: Enabled (32-bit)
 Heap Region Size: 1M
 Heap Min Capacity: 8M
 Heap Initial Capacity: 126M
 Heap Max Capacity: 2004M
 Pre-touch: Disabled
 Parallel Workers: 8
 Concurrent Workers: 2
 Concurrent Refinement Workers: 8
 Periodic GC: Disabled
Heap:
 garbage-first heap   total 71680K, used 45917K [0x0000000082c00000, 0x0000000100000000)
  region size 1024K, 24 young (24576K), 1 survivors (1024K)
 Metaspace       used 45531K, committed 45952K, reserved 1089536K
  class space    used 6552K, committed 6784K, reserved 1048576K
GC Heap History (20 events):
Event: 1.254 GC heap before
{Heap before GC invocations=1 (full 0):
 garbage-first heap   total 129024K, used 28144K [0x0000000082c00000, 0x0000000100000000)
  region size 1024K, 23 young (23552K), 3 survivors (3072K)
 Metaspace       used 11262K, committed 11520K, reserved 1064960K
  class space    used 1529K, committed 1664K, reserved 1048576K
}
Event: 1.260 GC heap after
{Heap after GC invocations=2 (full 0):
 garbage-first heap   total 129024K, used 9373K [0x0000000082c00000, 0x0000000100000000)
  region size 1024K, 2 young (2048K), 2 survivors (2048K)
 Metaspace       used 11262K, committed 11520K, reserved 1064960K
  class space    used 1529K, committed 1664K, reserved 1048576K
}
Event: 1.801 GC heap before
{Heap before GC invocations=2 (full 0):
 garbage-first heap   total 129024K, used 57501K [0x0000000082c00000, 0x0000000100000000)
  region size 1024K, 50 young (51200K), 2 survivors (2048K)
 Metaspace       used 17341K, committed 17600K, reserved 1064960K
  class space    used 2327K, committed 2496K, reserved 1048576K
}
Event: 1.806 GC heap after
{Heap after GC invocations=3 (full 0):
 garbage-first heap   total 129024K, used 11547K [0x0000000082c00000, 0x0000000100000000)
  region size 1024K, 4 young (4096K), 4 survivors (4096K)
 Metaspace       used 17341K, committed 17600K, reserved 1064960K
  class space    used 2327K, committed 2496K, reserved 1048576K
}
Event: 2.561 GC heap before
{Heap before GC invocations=3 (full 0):
 garbage-first heap   total 129024K, used 72987K [0x0000000082c00000, 0x0000000100000000)
  region size 1024K, 66 young (67584K), 4 survivors (4096K)
 Metaspace       used 21187K, committed 21504K, reserved 1073152K
  class space    used 2894K, committed 3008K, reserved 1048576K
}
Event: 2.570 GC heap after
{Heap after GC invocations=4 (full 0):
 garbage-first heap   total 129024K, used 13893K [0x0000000082c00000, 0x0000000100000000)
  region size 1024K, 6 young (6144K), 6 survivors (6144K)
 Metaspace       used 21187K, committed 21504K, reserved 1073152K
  class space    used 2894K, committed 3008K, reserved 1048576K
}
Event: 3.333 GC heap before
{Heap before GC invocations=5 (full 0):
 garbage-first heap   total 51200K, used 39493K [0x0000000082c00000, 0x0000000100000000)
  region size 1024K, 32 young (32768K), 6 survivors (6144K)
 Metaspace       used 24645K, committed 25024K, reserved 1073152K
  class space    used 3479K, committed 3648K, reserved 1048576K
}
Event: 3.361 GC heap after
{Heap after GC invocations=6 (full 0):
 garbage-first heap   total 51200K, used 16376K [0x0000000082c00000, 0x0000000100000000)
  region size 1024K, 7 young (7168K), 7 survivors (7168K)
 Metaspace       used 24645K, committed 25024K, reserved 1073152K
  class space    used 3479K, committed 3648K, reserved 1048576K
}
Event: 3.385 GC heap before
{Heap before GC invocations=6 (full 0):
 garbage-first heap   total 51200K, used 17400K [0x0000000082c00000, 0x0000000100000000)
  region size 1024K, 8 young (8192K), 7 survivors (7168K)
 Metaspace       used 24756K, committed 25152K, reserved 1073152K
  class space    used 3501K, committed 3712K, reserved 1048576K
}
Event: 3.398 GC heap after
{Heap after GC invocations=7 (full 0):
 garbage-first heap   total 51200K, used 16604K [0x0000000082c00000, 0x0000000100000000)
  region size 1024K, 1 young (1024K), 1 survivors (1024K)
 Metaspace       used 24756K, committed 25152K, reserved 1073152K
  class space    used 3501K, committed 3712K, reserved 1048576K
}
Event: 3.636 GC heap before
{Heap before GC invocations=7 (full 0):
 garbage-first heap   total 51200K, used 35036K [0x0000000082c00000, 0x0000000100000000)
  region size 1024K, 20 young (20480K), 1 survivors (1024K)
 Metaspace       used 26597K, committed 26944K, reserved 1073152K
  class space    used 3687K, committed 3840K, reserved 1048576K
}
Event: 3.641 GC heap after
{Heap after GC invocations=8 (full 0):
 garbage-first heap   total 102400K, used 16765K [0x0000000082c00000, 0x0000000100000000)
  region size 1024K, 2 young (2048K), 2 survivors (2048K)
 Metaspace       used 26597K, committed 26944K, reserved 1073152K
  class space    used 3687K, committed 3840K, reserved 1048576K
}
Event: 4.352 GC heap before
{Heap before GC invocations=8 (full 0):
 garbage-first heap   total 102400K, used 75133K [0x0000000082c00000, 0x0000000100000000)
  region size 1024K, 60 young (61440K), 2 survivors (2048K)
 Metaspace       used 31041K, committed 31488K, reserved 1081344K
  class space    used 4343K, committed 4544K, reserved 1048576K
}
Event: 4.359 GC heap after
{Heap after GC invocations=9 (full 0):
 garbage-first heap   total 102400K, used 18462K [0x0000000082c00000, 0x0000000100000000)
  region size 1024K, 3 young (3072K), 3 survivors (3072K)
 Metaspace       used 31041K, committed 31488K, reserved 1081344K
  class space    used 4343K, committed 4544K, reserved 1048576K
}
Event: 4.761 GC heap before
{Heap before GC invocations=9 (full 0):
 garbage-first heap   total 102400K, used 33822K [0x0000000082c00000, 0x0000000100000000)
  region size 1024K, 19 young (19456K), 3 survivors (3072K)
 Metaspace       used 35651K, committed 35968K, reserved 1081344K
  class space    used 5027K, committed 5184K, reserved 1048576K
}
Event: 4.770 GC heap after
{Heap after GC invocations=10 (full 0):
 garbage-first heap   total 102400K, used 19597K [0x0000000082c00000, 0x0000000100000000)
  region size 1024K, 4 young (4096K), 4 survivors (4096K)
 Metaspace       used 35651K, committed 35968K, reserved 1081344K
  class space    used 5027K, committed 5184K, reserved 1048576K
}
Event: 5.831 GC heap before
{Heap before GC invocations=11 (full 0):
 garbage-first heap   total 71680K, used 58509K [0x0000000082c00000, 0x0000000100000000)
  region size 1024K, 42 young (43008K), 4 survivors (4096K)
 Metaspace       used 43387K, committed 43840K, reserved 1089536K
  class space    used 6243K, committed 6464K, reserved 1048576K
}
Event: 5.844 GC heap after
{Heap after GC invocations=12 (full 0):
 garbage-first heap   total 71680K, used 22610K [0x0000000082c00000, 0x0000000100000000)
  region size 1024K, 6 young (6144K), 6 survivors (6144K)
 Metaspace       used 43387K, committed 43840K, reserved 1089536K
  class space    used 6243K, committed 6464K, reserved 1048576K
}
Event: 5.854 GC heap before
{Heap before GC invocations=12 (full 0):
 garbage-first heap   total 71680K, used 23634K [0x0000000082c00000, 0x0000000100000000)
  region size 1024K, 7 young (7168K), 6 survivors (6144K)
 Metaspace       used 43404K, committed 43840K, reserved 1089536K
  class space    used 6244K, committed 6464K, reserved 1048576K
}
Event: 5.861 GC heap after
{Heap after GC invocations=13 (full 0):
 garbage-first heap   total 71680K, used 23389K [0x0000000082c00000, 0x0000000100000000)
  region size 1024K, 1 young (1024K), 1 survivors (1024K)
 Metaspace       used 43404K, committed 43840K, reserved 1089536K
  class space    used 6244K, committed 6464K, reserved 1048576K
}

